{"C:\\Users\\lhanq\\Desktop\\Qualité&Test\\courses-qa-and-tests\\src\\infrastructure\\db.js": {"path":"C:\\Users\\lhanq\\Desktop\\Qualité&Test\\courses-qa-and-tests\\src\\infrastructure\\db.js","all":false,"statementMap":{"0":{"start":{"line":1,"column":0},"end":{"line":1,"column":37}},"1":{"start":{"line":2,"column":0},"end":{"line":2,"column":0}},"2":{"start":{"line":3,"column":0},"end":{"line":3,"column":80}}},"s":{"0":1,"1":1,"2":1},"branchMap":{},"b":{},"fnMap":{},"f":{}}
,"C:\\Users\\lhanq\\Desktop\\Qualité&Test\\courses-qa-and-tests\\src\\modules\\authentication\\user\\user.repository.js": {"path":"C:\\Users\\lhanq\\Desktop\\Qualité&Test\\courses-qa-and-tests\\src\\modules\\authentication\\user\\user.repository.js","all":false,"statementMap":{"0":{"start":{"line":1,"column":0},"end":{"line":1,"column":49}},"1":{"start":{"line":2,"column":0},"end":{"line":2,"column":0}},"2":{"start":{"line":3,"column":0},"end":{"line":3,"column":66}},"3":{"start":{"line":4,"column":0},"end":{"line":4,"column":26}},"4":{"start":{"line":5,"column":0},"end":{"line":5,"column":38}},"5":{"start":{"line":6,"column":0},"end":{"line":6,"column":33}},"6":{"start":{"line":7,"column":0},"end":{"line":7,"column":15}},"7":{"start":{"line":8,"column":0},"end":{"line":8,"column":6}},"8":{"start":{"line":9,"column":0},"end":{"line":9,"column":0}},"9":{"start":{"line":10,"column":0},"end":{"line":10,"column":18}},"10":{"start":{"line":11,"column":0},"end":{"line":11,"column":1}}},"s":{"0":1,"1":1,"2":1,"3":0,"4":0,"5":0,"6":0,"7":0,"8":0,"9":0,"10":0},"branchMap":{},"b":{},"fnMap":{"0":{"name":"createUserInRepository","decl":{"start":{"line":3,"column":7},"end":{"line":11,"column":1}},"loc":{"start":{"line":3,"column":7},"end":{"line":11,"column":1}},"line":3}},"f":{"0":0}}
,"C:\\Users\\lhanq\\Desktop\\Qualité&Test\\courses-qa-and-tests\\src\\modules\\authentication\\user\\user.service.js": {"path":"C:\\Users\\lhanq\\Desktop\\Qualité&Test\\courses-qa-and-tests\\src\\modules\\authentication\\user\\user.service.js","all":false,"statementMap":{"0":{"start":{"line":1,"column":0},"end":{"line":1,"column":65}},"1":{"start":{"line":2,"column":0},"end":{"line":2,"column":24}},"2":{"start":{"line":3,"column":0},"end":{"line":3,"column":59}},"3":{"start":{"line":4,"column":0},"end":{"line":4,"column":53}},"4":{"start":{"line":5,"column":0},"end":{"line":5,"column":0}},"5":{"start":{"line":6,"column":0},"end":{"line":6,"column":31}},"6":{"start":{"line":7,"column":0},"end":{"line":7,"column":0}},"7":{"start":{"line":8,"column":0},"end":{"line":8,"column":29}},"8":{"start":{"line":9,"column":0},"end":{"line":9,"column":26}},"9":{"start":{"line":10,"column":0},"end":{"line":10,"column":21}},"10":{"start":{"line":11,"column":0},"end":{"line":11,"column":3}},"11":{"start":{"line":12,"column":0},"end":{"line":12,"column":0}},"12":{"start":{"line":13,"column":0},"end":{"line":13,"column":40}},"13":{"start":{"line":14,"column":0},"end":{"line":14,"column":72}},"14":{"start":{"line":15,"column":0},"end":{"line":15,"column":0}},"15":{"start":{"line":16,"column":0},"end":{"line":16,"column":23}},"16":{"start":{"line":17,"column":0},"end":{"line":17,"column":72}},"17":{"start":{"line":18,"column":0},"end":{"line":18,"column":0}},"18":{"start":{"line":19,"column":0},"end":{"line":19,"column":29}},"19":{"start":{"line":20,"column":0},"end":{"line":20,"column":80}},"20":{"start":{"line":21,"column":0},"end":{"line":21,"column":5}},"21":{"start":{"line":22,"column":0},"end":{"line":22,"column":0}},"22":{"start":{"line":23,"column":0},"end":{"line":23,"column":75}},"23":{"start":{"line":24,"column":0},"end":{"line":24,"column":10}},"24":{"start":{"line":25,"column":0},"end":{"line":25,"column":86}},"25":{"start":{"line":26,"column":0},"end":{"line":26,"column":3}},"26":{"start":{"line":27,"column":0},"end":{"line":27,"column":1}}},"s":{"0":1,"1":1,"2":1,"3":1,"4":1,"5":1,"6":1,"7":1,"8":1,"9":1,"10":1,"11":1,"12":1,"13":5,"14":5,"15":5,"16":3,"17":3,"18":3,"19":2,"20":2,"21":1,"22":1,"23":5,"24":2,"25":2,"26":5},"branchMap":{"0":{"type":"branch","line":13,"loc":{"start":{"line":13,"column":7},"end":{"line":27,"column":1}},"locations":[{"start":{"line":13,"column":7},"end":{"line":27,"column":1}}]},"1":{"type":"branch","line":16,"loc":{"start":{"line":16,"column":22},"end":{"line":24,"column":3}},"locations":[{"start":{"line":16,"column":22},"end":{"line":24,"column":3}}]},"2":{"type":"branch","line":19,"loc":{"start":{"line":19,"column":28},"end":{"line":21,"column":5}},"locations":[{"start":{"line":19,"column":28},"end":{"line":21,"column":5}}]},"3":{"type":"branch","line":22,"loc":{"start":{"line":22,"column":-2},"end":{"line":24,"column":3}},"locations":[{"start":{"line":22,"column":-2},"end":{"line":24,"column":3}}]},"4":{"type":"branch","line":24,"loc":{"start":{"line":24,"column":3},"end":{"line":26,"column":3}},"locations":[{"start":{"line":24,"column":3},"end":{"line":26,"column":3}}]}},"b":{"0":[5],"1":[3],"2":[2],"3":[1],"4":[2]},"fnMap":{"0":{"name":"createUser","decl":{"start":{"line":13,"column":7},"end":{"line":27,"column":1}},"loc":{"start":{"line":13,"column":7},"end":{"line":27,"column":1}},"line":13}},"f":{"0":5}}
,"C:\\Users\\lhanq\\Desktop\\Qualité&Test\\courses-qa-and-tests\\src\\modules\\banking\\account\\account.repository.js": {"path":"C:\\Users\\lhanq\\Desktop\\Qualité&Test\\courses-qa-and-tests\\src\\modules\\banking\\account\\account.repository.js","all":false,"statementMap":{"0":{"start":{"line":1,"column":0},"end":{"line":1,"column":49}},"1":{"start":{"line":2,"column":0},"end":{"line":2,"column":0}},"2":{"start":{"line":3,"column":0},"end":{"line":3,"column":69}},"3":{"start":{"line":4,"column":0},"end":{"line":4,"column":29}},"4":{"start":{"line":5,"column":0},"end":{"line":5,"column":41}},"5":{"start":{"line":6,"column":0},"end":{"line":6,"column":33}},"6":{"start":{"line":7,"column":0},"end":{"line":7,"column":15}},"7":{"start":{"line":8,"column":0},"end":{"line":8,"column":4}},"8":{"start":{"line":9,"column":0},"end":{"line":9,"column":21}},"9":{"start":{"line":10,"column":0},"end":{"line":10,"column":1}},"10":{"start":{"line":11,"column":0},"end":{"line":11,"column":0}},"11":{"start":{"line":12,"column":0},"end":{"line":12,"column":57}},"12":{"start":{"line":13,"column":0},"end":{"line":13,"column":19}},"13":{"start":{"line":14,"column":0},"end":{"line":14,"column":51}},"14":{"start":{"line":15,"column":0},"end":{"line":15,"column":4}},"15":{"start":{"line":16,"column":0},"end":{"line":16,"column":1}},"16":{"start":{"line":17,"column":0},"end":{"line":17,"column":0}},"17":{"start":{"line":18,"column":0},"end":{"line":18,"column":70}},"18":{"start":{"line":19,"column":0},"end":{"line":19,"column":27}},"19":{"start":{"line":20,"column":0},"end":{"line":20,"column":71}},"20":{"start":{"line":21,"column":0},"end":{"line":21,"column":15}},"21":{"start":{"line":22,"column":0},"end":{"line":22,"column":4}},"22":{"start":{"line":23,"column":0},"end":{"line":23,"column":27}},"23":{"start":{"line":24,"column":0},"end":{"line":24,"column":1}},"24":{"start":{"line":25,"column":0},"end":{"line":25,"column":0}},"25":{"start":{"line":26,"column":0},"end":{"line":26,"column":71}},"26":{"start":{"line":27,"column":0},"end":{"line":27,"column":27}},"27":{"start":{"line":28,"column":0},"end":{"line":28,"column":66}},"28":{"start":{"line":29,"column":0},"end":{"line":29,"column":15}},"29":{"start":{"line":30,"column":0},"end":{"line":30,"column":4}},"30":{"start":{"line":31,"column":0},"end":{"line":31,"column":19}},"31":{"start":{"line":32,"column":0},"end":{"line":32,"column":1}}},"s":{"0":1,"1":1,"2":1,"3":0,"4":0,"5":0,"6":0,"7":0,"8":0,"9":0,"10":1,"11":1,"12":1,"13":1,"14":1,"15":1,"16":1,"17":1,"18":0,"19":0,"20":0,"21":0,"22":0,"23":0,"24":1,"25":1,"26":0,"27":0,"28":0,"29":0,"30":0,"31":0},"branchMap":{"0":{"type":"branch","line":12,"loc":{"start":{"line":12,"column":7},"end":{"line":16,"column":1}},"locations":[{"start":{"line":12,"column":7},"end":{"line":16,"column":1}}]}},"b":{"0":[1]},"fnMap":{"0":{"name":"createAccountInRepository","decl":{"start":{"line":3,"column":7},"end":{"line":10,"column":1}},"loc":{"start":{"line":3,"column":7},"end":{"line":10,"column":1}},"line":3},"1":{"name":"getAccountsFromRepository","decl":{"start":{"line":12,"column":7},"end":{"line":16,"column":1}},"loc":{"start":{"line":12,"column":7},"end":{"line":16,"column":1}},"line":12},"2":{"name":"deleteAccountFromRepository","decl":{"start":{"line":18,"column":7},"end":{"line":24,"column":1}},"loc":{"start":{"line":18,"column":7},"end":{"line":24,"column":1}},"line":18},"3":{"name":"patchAccountInRepository","decl":{"start":{"line":26,"column":7},"end":{"line":32,"column":1}},"loc":{"start":{"line":26,"column":7},"end":{"line":32,"column":1}},"line":26}},"f":{"0":0,"1":1,"2":0,"3":0}}
,"C:\\Users\\lhanq\\Desktop\\Qualité&Test\\courses-qa-and-tests\\src\\modules\\banking\\account\\account.service.js": {"path":"C:\\Users\\lhanq\\Desktop\\Qualité&Test\\courses-qa-and-tests\\src\\modules\\banking\\account\\account.service.js","all":false,"statementMap":{"0":{"start":{"line":1,"column":0},"end":{"line":1,"column":24}},"1":{"start":{"line":2,"column":0},"end":{"line":2,"column":121}},"2":{"start":{"line":3,"column":0},"end":{"line":3,"column":0}},"3":{"start":{"line":4,"column":0},"end":{"line":4,"column":32}},"4":{"start":{"line":5,"column":0},"end":{"line":5,"column":38}},"5":{"start":{"line":6,"column":0},"end":{"line":6,"column":21}},"6":{"start":{"line":7,"column":0},"end":{"line":7,"column":3}},"7":{"start":{"line":8,"column":0},"end":{"line":8,"column":0}},"8":{"start":{"line":9,"column":0},"end":{"line":9,"column":43}},"9":{"start":{"line":10,"column":0},"end":{"line":10,"column":47}},"10":{"start":{"line":11,"column":0},"end":{"line":11,"column":63}},"11":{"start":{"line":12,"column":0},"end":{"line":12,"column":48}},"12":{"start":{"line":13,"column":0},"end":{"line":13,"column":1}},"13":{"start":{"line":14,"column":0},"end":{"line":14,"column":0}},"14":{"start":{"line":15,"column":0},"end":{"line":15,"column":43}},"15":{"start":{"line":16,"column":0},"end":{"line":16,"column":79}},"16":{"start":{"line":17,"column":0},"end":{"line":17,"column":43}},"17":{"start":{"line":18,"column":0},"end":{"line":18,"column":1}},"18":{"start":{"line":19,"column":0},"end":{"line":19,"column":0}},"19":{"start":{"line":20,"column":0},"end":{"line":20,"column":56}},"20":{"start":{"line":21,"column":0},"end":{"line":21,"column":66}},"21":{"start":{"line":22,"column":0},"end":{"line":22,"column":56}},"22":{"start":{"line":23,"column":0},"end":{"line":23,"column":1}}},"s":{"0":1,"1":1,"2":1,"3":1,"4":1,"5":1,"6":1,"7":1,"8":1,"9":2,"10":2,"11":2,"12":2,"13":1,"14":1,"15":2,"16":2,"17":2,"18":1,"19":1,"20":2,"21":2,"22":2},"branchMap":{"0":{"type":"branch","line":9,"loc":{"start":{"line":9,"column":7},"end":{"line":13,"column":1}},"locations":[{"start":{"line":9,"column":7},"end":{"line":13,"column":1}}]},"1":{"type":"branch","line":11,"loc":{"start":{"line":11,"column":23},"end":{"line":11,"column":63}},"locations":[{"start":{"line":11,"column":23},"end":{"line":11,"column":63}}]},"2":{"type":"branch","line":15,"loc":{"start":{"line":15,"column":7},"end":{"line":18,"column":1}},"locations":[{"start":{"line":15,"column":7},"end":{"line":18,"column":1}}]},"3":{"type":"branch","line":16,"loc":{"start":{"line":16,"column":45},"end":{"line":16,"column":79}},"locations":[{"start":{"line":16,"column":45},"end":{"line":16,"column":79}}]},"4":{"type":"branch","line":20,"loc":{"start":{"line":20,"column":7},"end":{"line":23,"column":1}},"locations":[{"start":{"line":20,"column":7},"end":{"line":23,"column":1}}]},"5":{"type":"branch","line":21,"loc":{"start":{"line":21,"column":29},"end":{"line":21,"column":66}},"locations":[{"start":{"line":21,"column":29},"end":{"line":21,"column":66}}]}},"b":{"0":[2],"1":[0],"2":[2],"3":[0],"4":[2],"5":[0]},"fnMap":{"0":{"name":"createAccount","decl":{"start":{"line":9,"column":7},"end":{"line":13,"column":1}},"loc":{"start":{"line":9,"column":7},"end":{"line":13,"column":1}},"line":9},"1":{"name":"getAccounts","decl":{"start":{"line":15,"column":7},"end":{"line":18,"column":1}},"loc":{"start":{"line":15,"column":7},"end":{"line":18,"column":1}},"line":15},"2":{"name":"deleteAccount","decl":{"start":{"line":20,"column":7},"end":{"line":23,"column":1}},"loc":{"start":{"line":20,"column":7},"end":{"line":23,"column":1}},"line":20}},"f":{"0":2,"1":2,"2":2}}
,"C:\\Users\\lhanq\\Desktop\\Qualité&Test\\courses-qa-and-tests\\src\\modules\\banking\\transfer\\transfer.repository.js": {"path":"C:\\Users\\lhanq\\Desktop\\Qualité&Test\\courses-qa-and-tests\\src\\modules\\banking\\transfer\\transfer.repository.js","all":false,"statementMap":{"0":{"start":{"line":1,"column":0},"end":{"line":1,"column":49}},"1":{"start":{"line":2,"column":0},"end":{"line":2,"column":0}},"2":{"start":{"line":3,"column":0},"end":{"line":3,"column":90}},"3":{"start":{"line":4,"column":0},"end":{"line":4,"column":30}},"4":{"start":{"line":5,"column":0},"end":{"line":5,"column":62}},"5":{"start":{"line":6,"column":0},"end":{"line":6,"column":56}},"6":{"start":{"line":7,"column":0},"end":{"line":7,"column":15}},"7":{"start":{"line":8,"column":0},"end":{"line":8,"column":4}},"8":{"start":{"line":9,"column":0},"end":{"line":9,"column":22}},"9":{"start":{"line":10,"column":0},"end":{"line":10,"column":1}},"10":{"start":{"line":11,"column":0},"end":{"line":11,"column":0}},"11":{"start":{"line":12,"column":0},"end":{"line":12,"column":58}},"12":{"start":{"line":13,"column":0},"end":{"line":13,"column":89}},"13":{"start":{"line":14,"column":0},"end":{"line":14,"column":19}},"14":{"start":{"line":15,"column":0},"end":{"line":15,"column":31}},"15":{"start":{"line":16,"column":0},"end":{"line":16,"column":47}},"16":{"start":{"line":17,"column":0},"end":{"line":17,"column":45}},"17":{"start":{"line":18,"column":0},"end":{"line":18,"column":56}},"18":{"start":{"line":19,"column":0},"end":{"line":19,"column":4}},"19":{"start":{"line":20,"column":0},"end":{"line":20,"column":1}}},"s":{"0":1,"1":1,"2":1,"3":0,"4":0,"5":0,"6":0,"7":0,"8":0,"9":0,"10":1,"11":1,"12":0,"13":0,"14":0,"15":0,"16":0,"17":0,"18":0,"19":0},"branchMap":{},"b":{},"fnMap":{"0":{"name":"createTransferInRepository","decl":{"start":{"line":3,"column":7},"end":{"line":10,"column":1}},"loc":{"start":{"line":3,"column":7},"end":{"line":10,"column":1}},"line":3},"1":{"name":"getTransfersFromRepository","decl":{"start":{"line":12,"column":7},"end":{"line":20,"column":1}},"loc":{"start":{"line":12,"column":7},"end":{"line":20,"column":1}},"line":12}},"f":{"0":0,"1":0}}
,"C:\\Users\\lhanq\\Desktop\\Qualité&Test\\courses-qa-and-tests\\src\\modules\\banking\\transfer\\transfer.service.js": {"path":"C:\\Users\\lhanq\\Desktop\\Qualité&Test\\courses-qa-and-tests\\src\\modules\\banking\\transfer\\transfer.service.js","all":false,"statementMap":{"0":{"start":{"line":1,"column":0},"end":{"line":1,"column":95}},"1":{"start":{"line":2,"column":0},"end":{"line":2,"column":73}},"2":{"start":{"line":3,"column":0},"end":{"line":3,"column":74}},"3":{"start":{"line":4,"column":0},"end":{"line":4,"column":0}},"4":{"start":{"line":5,"column":0},"end":{"line":5,"column":78}},"5":{"start":{"line":6,"column":0},"end":{"line":6,"column":48}},"6":{"start":{"line":7,"column":0},"end":{"line":7,"column":67}},"7":{"start":{"line":8,"column":0},"end":{"line":8,"column":65}},"8":{"start":{"line":9,"column":0},"end":{"line":9,"column":0}},"9":{"start":{"line":10,"column":0},"end":{"line":10,"column":68}},"10":{"start":{"line":11,"column":0},"end":{"line":11,"column":72}},"11":{"start":{"line":12,"column":0},"end":{"line":12,"column":72}},"12":{"start":{"line":13,"column":0},"end":{"line":13,"column":0}},"13":{"start":{"line":14,"column":0},"end":{"line":14,"column":31}},"14":{"start":{"line":15,"column":0},"end":{"line":15,"column":100}},"15":{"start":{"line":16,"column":0},"end":{"line":16,"column":96}},"16":{"start":{"line":17,"column":0},"end":{"line":17,"column":0}},"17":{"start":{"line":18,"column":0},"end":{"line":18,"column":22}},"18":{"start":{"line":19,"column":0},"end":{"line":19,"column":82}},"19":{"start":{"line":20,"column":0},"end":{"line":20,"column":1}},"20":{"start":{"line":21,"column":0},"end":{"line":21,"column":0}},"21":{"start":{"line":22,"column":0},"end":{"line":22,"column":44}},"22":{"start":{"line":23,"column":0},"end":{"line":23,"column":50}},"23":{"start":{"line":24,"column":0},"end":{"line":24,"column":1}}},"s":{"0":1,"1":1,"2":1,"3":1,"4":1,"5":4,"6":4,"7":3,"8":3,"9":3,"10":4,"11":4,"12":1,"13":1,"14":1,"15":1,"16":1,"17":1,"18":1,"19":1,"20":1,"21":1,"22":1,"23":1},"branchMap":{"0":{"type":"branch","line":5,"loc":{"start":{"line":5,"column":7},"end":{"line":20,"column":1}},"locations":[{"start":{"line":5,"column":7},"end":{"line":20,"column":1}}]},"1":{"type":"branch","line":8,"loc":{"start":{"line":8,"column":-2},"end":{"line":11,"column":19}},"locations":[{"start":{"line":8,"column":-2},"end":{"line":11,"column":19}}]},"2":{"type":"branch","line":11,"loc":{"start":{"line":11,"column":19},"end":{"line":11,"column":32}},"locations":[{"start":{"line":11,"column":19},"end":{"line":11,"column":32}}]},"3":{"type":"branch","line":11,"loc":{"start":{"line":11,"column":34},"end":{"line":11,"column":72}},"locations":[{"start":{"line":11,"column":34},"end":{"line":11,"column":72}}]},"4":{"type":"branch","line":12,"loc":{"start":{"line":12,"column":-2},"end":{"line":12,"column":35}},"locations":[{"start":{"line":12,"column":-2},"end":{"line":12,"column":35}}]},"5":{"type":"branch","line":12,"loc":{"start":{"line":12,"column":35},"end":{"line":20,"column":1}},"locations":[{"start":{"line":12,"column":35},"end":{"line":20,"column":1}}]},"6":{"type":"branch","line":22,"loc":{"start":{"line":22,"column":7},"end":{"line":24,"column":1}},"locations":[{"start":{"line":22,"column":7},"end":{"line":24,"column":1}}]}},"b":{"0":[4],"1":[3],"2":[2],"3":[1],"4":[2],"5":[1],"6":[1]},"fnMap":{"0":{"name":"createTransfer","decl":{"start":{"line":5,"column":7},"end":{"line":20,"column":1}},"loc":{"start":{"line":5,"column":7},"end":{"line":20,"column":1}},"line":5},"1":{"name":"getTransfers","decl":{"start":{"line":22,"column":7},"end":{"line":24,"column":1}},"loc":{"start":{"line":22,"column":7},"end":{"line":24,"column":1}},"line":22}},"f":{"0":4,"1":1}}
,"C:\\Users\\lhanq\\Desktop\\Qualité&Test\\courses-qa-and-tests\\src\\modules\\interoperability\\export\\export.repository.js": {"path":"C:\\Users\\lhanq\\Desktop\\Qualité&Test\\courses-qa-and-tests\\src\\modules\\interoperability\\export\\export.repository.js","all":true,"statementMap":{"0":{"start":{"line":1,"column":0},"end":{"line":1,"column":0}}},"s":{"0":0},"branchMap":{"0":{"type":"branch","line":1,"loc":{"start":{"line":1,"column":0},"end":{"line":1,"column":0}},"locations":[{"start":{"line":1,"column":0},"end":{"line":1,"column":0}}]}},"b":{"0":[0]},"fnMap":{"0":{"name":"(empty-report)","decl":{"start":{"line":1,"column":0},"end":{"line":1,"column":0}},"loc":{"start":{"line":1,"column":0},"end":{"line":1,"column":0}},"line":1}},"f":{"0":0}}
,"C:\\Users\\lhanq\\Desktop\\Qualité&Test\\courses-qa-and-tests\\src\\modules\\interoperability\\export\\export.service.js": {"path":"C:\\Users\\lhanq\\Desktop\\Qualité&Test\\courses-qa-and-tests\\src\\modules\\interoperability\\export\\export.service.js","all":false,"statementMap":{"0":{"start":{"line":1,"column":0},"end":{"line":1,"column":29}},"1":{"start":{"line":2,"column":0},"end":{"line":2,"column":20}},"2":{"start":{"line":3,"column":0},"end":{"line":3,"column":88}},"3":{"start":{"line":4,"column":0},"end":{"line":4,"column":0}},"4":{"start":{"line":5,"column":0},"end":{"line":5,"column":54}},"5":{"start":{"line":6,"column":0},"end":{"line":6,"column":46}},"6":{"start":{"line":7,"column":0},"end":{"line":7,"column":61}},"7":{"start":{"line":8,"column":0},"end":{"line":8,"column":0}},"8":{"start":{"line":9,"column":0},"end":{"line":9,"column":35}},"9":{"start":{"line":10,"column":0},"end":{"line":10,"column":16}},"10":{"start":{"line":11,"column":0},"end":{"line":11,"column":53}},"11":{"start":{"line":12,"column":0},"end":{"line":12,"column":75}},"12":{"start":{"line":13,"column":0},"end":{"line":13,"column":4}},"13":{"start":{"line":14,"column":0},"end":{"line":14,"column":0}},"14":{"start":{"line":15,"column":0},"end":{"line":15,"column":27}},"15":{"start":{"line":16,"column":0},"end":{"line":16,"column":60}},"16":{"start":{"line":17,"column":0},"end":{"line":17,"column":0}},"17":{"start":{"line":18,"column":0},"end":{"line":18,"column":22}},"18":{"start":{"line":19,"column":0},"end":{"line":19,"column":37}},"19":{"start":{"line":20,"column":0},"end":{"line":20,"column":0}},"20":{"start":{"line":21,"column":0},"end":{"line":21,"column":18}},"21":{"start":{"line":22,"column":0},"end":{"line":22,"column":1}}},"s":{"0":1,"1":1,"2":1,"3":1,"4":1,"5":1,"6":1,"7":1,"8":1,"9":1,"10":1,"11":1,"12":1,"13":1,"14":1,"15":1,"16":1,"17":1,"18":1,"19":1,"20":1,"21":1},"branchMap":{"0":{"type":"branch","line":5,"loc":{"start":{"line":5,"column":7},"end":{"line":22,"column":1}},"locations":[{"start":{"line":5,"column":7},"end":{"line":22,"column":1}}]},"1":{"type":"branch","line":12,"loc":{"start":{"line":12,"column":21},"end":{"line":12,"column":74}},"locations":[{"start":{"line":12,"column":21},"end":{"line":12,"column":74}}]}},"b":{"0":[1],"1":[2]},"fnMap":{"0":{"name":"createExport","decl":{"start":{"line":5,"column":7},"end":{"line":22,"column":1}},"loc":{"start":{"line":5,"column":7},"end":{"line":22,"column":1}},"line":5}},"f":{"0":1}}
,"C:\\Users\\lhanq\\Desktop\\Qualité&Test\\courses-qa-and-tests\\src\\shared\\utils.js": {"path":"C:\\Users\\lhanq\\Desktop\\Qualité&Test\\courses-qa-and-tests\\src\\shared\\utils.js","all":false,"statementMap":{"0":{"start":{"line":1,"column":0},"end":{"line":1,"column":40}},"1":{"start":{"line":2,"column":0},"end":{"line":2,"column":23}},"2":{"start":{"line":3,"column":0},"end":{"line":3,"column":39}},"3":{"start":{"line":4,"column":0},"end":{"line":4,"column":61}},"4":{"start":{"line":5,"column":0},"end":{"line":5,"column":51}},"5":{"start":{"line":6,"column":0},"end":{"line":6,"column":1}}},"s":{"0":1,"1":3,"2":3,"3":3,"4":3,"5":3},"branchMap":{"0":{"type":"branch","line":1,"loc":{"start":{"line":1,"column":7},"end":{"line":6,"column":1}},"locations":[{"start":{"line":1,"column":7},"end":{"line":6,"column":1}}]}},"b":{"0":[3]},"fnMap":{"0":{"name":"calculateAge","decl":{"start":{"line":1,"column":7},"end":{"line":6,"column":1}},"loc":{"start":{"line":1,"column":7},"end":{"line":6,"column":1}},"line":1}},"f":{"0":3}}
}
